This is pdfTeX, Version 3.1415926-2.3-1.40.12 (MiKTeX 2.9) (preloaded format=pdflatex 2016.11.10)  28 NOV 2016 10:54
entering extended mode
**C:/Users/acer/Desktop/latex/È°µÁúâ.tex
(C:/Users/acer/Desktop/latex/È°µÁúâ.tex
LaTeX2e <2011/06/27>
Babel <v3.8m> and hyphenation patterns for loaded.
(F:\CTEX\MiKTeX\tex\latex\base\article.cls
Document Class: article 2007/10/19 v1.4h Standard LaTeX document class
(F:\CTEX\MiKTeX\tex\latex\base\size10.clo
File: size10.clo 2007/10/19 v1.4h Standard LaTeX file (size option)
)
\c@part=\count79
\c@section=\count80
\c@subsection=\count81
\c@subsubsection=\count82
\c@paragraph=\count83
\c@subparagraph=\count84
\c@figure=\count85
\c@table=\count86
\abovecaptionskip=\skip41
\belowcaptionskip=\skip42
\bibindent=\dimen102
)
(F:\CTEX\MiKTeX\tex\latex\fancyhdr\fancyhdr.sty
\fancy@headwidth=\skip43
\f@ncyO@elh=\skip44
\f@ncyO@erh=\skip45
\f@ncyO@olh=\skip46
\f@ncyO@orh=\skip47
\f@ncyO@elf=\skip48
\f@ncyO@erf=\skip49
\f@ncyO@olf=\skip50
\f@ncyO@orf=\skip51
)
(C:\Users\acer\Desktop\latex\È°µÁúâ.aux)
LaTeX Font Info:    Checking defaults for OML/cmm/m/it on input line 14.
LaTeX Font Info:    ... okay on input line 14.
LaTeX Font Info:    Checking defaults for T1/cmr/m/n on input line 14.
LaTeX Font Info:    ... okay on input line 14.
LaTeX Font Info:    Checking defaults for OT1/cmr/m/n on input line 14.
LaTeX Font Info:    ... okay on input line 14.
LaTeX Font Info:    Checking defaults for OMS/cmsy/m/n on input line 14.
LaTeX Font Info:    ... okay on input line 14.
LaTeX Font Info:    Checking defaults for OMX/cmex/m/n on input line 14.
LaTeX Font Info:    ... okay on input line 14.
LaTeX Font Info:    Checking defaults for U/cmr/m/n on input line 14.
LaTeX Font Info:    ... okay on input line 14.
Missing character: There is no È in font cmbx9!
Missing character: There is no ´ in font cmbx9!
Missing character: There is no ò in font cmbx9!
Missing character: There is no Á in font cmbx9!
Missing character: There is no ≠ in font cmbx9!
Missing character: There is no â in font cmbx9!
Missing character: There is no Ê in font cmbx9!
Missing character: There is no ï in font cmbx9!
Missing character: There is no ∞ in font cmbx9!
Missing character: There is no Â in font cmbx9!
Missing character: There is no ≠ in font cmbx9!
Missing character: There is no ¶ in font cmbx9!
Missing character: There is no ‚ in font cmbx9!
Missing character: There is no Ä in font cmbx9!
Missing character: There is no î in font cmbx9!
Missing character: There is no ‚ in font cmbx9!
Missing character: There is no Ä in font cmbx9!
Missing character: There is no î in font cmbx9!
Missing character: There is no Â in font cmbx9!
Missing character: There is no æ in font cmbx9!
Missing character: There is no Æ in font cmbx9!
Missing character: There is no Â in font cmbx9!
Missing character: There is no à in font cmbx9!
Missing character: There is no Ü in font cmbx9!
Missing character: There is no ‰ in font cmbx9!
Missing character: There is no ∏ in font cmbx9!
Missing character: There is no ≠ in font cmbx9!
Missing character: There is no Â in font cmbx9!
Missing character: There is no Ä in font cmbx9!
Missing character: There is no º in font cmbx9!
Missing character: There is no Â in font cmbx9!
Missing character: There is no Æ in font cmbx9!
Missing character: There is no ö in font cmbx9!
Missing character: There is no Á in font cmbx9!
Missing character: There is no ê in font cmbx9!
Missing character: There is no Ü in font cmbx9!
Missing character: There is no Â in font cmbx9!
Missing character: There is no í in font cmbx9!
Missing character: There is no å in font cmbx9!
Missing character: There is no Â in font cmbx9!
Missing character: There is no Ø in font cmbx9!
Missing character: There is no º in font cmbx9!
Missing character: There is no Ê in font cmbx9!
Missing character: There is no ï in font cmbx9!
Missing character: There is no ∞ in font cmbx9!
Missing character: There is no Â in font cmbx9!
Missing character: There is no ∫ in font cmbx9!
Missing character: There is no î in font cmbx9!
Missing character: There is no Á in font cmbx9!
Missing character: There is no î in font cmbx9!
Missing character: There is no ® in font cmbx9!
Missing character: There is no Ê in font cmbxti10!
Missing character: There is no ï in font cmbxti10!
Missing character: There is no ∞ in font cmbxti10!
Missing character: There is no Â in font cmbxti10!
Missing character: There is no ≠ in font cmbxti10!
Missing character: There is no ¶ in font cmbxti10!
Missing character: There is no Â in font cmbxti10!
Missing character: There is no ç in font cmbxti10!
Missing character: There is no è in font cmbxti10!
Missing character: There is no ‰ in font cmbxti10!
Missing character: There is no º in font cmbxti10!
Missing character: There is no ö in font cmbxti10!
LaTeX Font Info:    External font `cmex10' loaded for size
(Font)              <12> on input line 16.
LaTeX Font Info:    External font `cmex10' loaded for size
(Font)              <8> on input line 16.
LaTeX Font Info:    External font `cmex10' loaded for size
(Font)              <6> on input line 16.


LaTeX Warning: No \author given.

[1{F:/CTEX/UserData/pdftex/config/pdftex.map{Unicode.sfd}{UGBK.sfd}}

]
(C:\Users\acer\Desktop\latex\È°µÁúâ.aux) ) 
Here is how much of TeX's memory you used:
 363 strings out of 495354
 3869 string characters out of 3183858
 48634 words of memory out of 3000000
 3599 multiletter control sequences out of 15000+200000
 7649 words of font info for 27 fonts, out of 3000000 for 9000
 14 hyphenation exceptions out of 8191
 23i,10n,43p,187b,211s stack positions out of 5000i,500n,10000p,200000b,50000s
<F:/CTEX/MiKTeX/fonts/type1/public/am
sfonts/cm/cmr10.pfb><F:/CTEX/MiKTeX/fonts/type1/public/amsfonts/cm/cmr12.pfb>
Output written on È°µÁúâ.pdf (1 page, 26747 bytes).
PDF statistics:
 14 PDF objects out of 1000 (max. 8388607)
 0 named destinations out of 1000 (max. 500000)
 1 words of extra memory for PDF output out of 10000 (max. 10000000)

